<?xml version="1.0" encoding="UTF-8"?>
<!-- Generated by org.testng.reporters.JUnitXMLReporter -->
<testsuite ignored="0" hostname="DESKTOP-TGRDIAA" failures="0" tests="62" name="Default test" time="443.464" errors="0" timestamp="2024-08-12T10:32:42 IST">
  <testcase classname="HomePage.HomePage_FunctionalTest" name="AmityLogo" time="0.249"/>
  <testcase classname="HomePage.HomePage_FunctionalTest" name="ProgramButton" time="0.351"/>
  <testcase classname="HomePage.HomePage_FunctionalTest" name="CareerServices" time="2.947"/>
  <testcase classname="HomePage.HomePage_FunctionalTest" name="AdvantagesButton" time="1.466"/>
  <testcase classname="HomePage.HomePage_FunctionalTest" name="SearchButton" time="0.069"/>
  <testcase classname="HomePage.HomePage_FunctionalTest" name="CallusButton" time="2.345"/>
  <testcase classname="HomePage.HomePage_FunctionalTest" name="StudentLoginButoon" time="2.232"/>
  <testcase classname="HomePage.HomePage_FunctionalTest" name="EnrollNowButton" time="2.645"/>
  <testcase classname="HomePage.HomePage_FunctionalTest" name="ApplyNowbutton" time="4.347"/>
  <testcase classname="HomePage.HomePage_FunctionalTest" name="Callicon" time="2.558"/>
  <testcase classname="HomePage.HomePage_FunctionalTest" name="WhatsappIcon" time="3.492"/>
  <testcase classname="HomePage.HomePage_FunctionalTest" name="ViewAll" time="1.028"/>
  <testcase classname="HomePage.HomePage_FunctionalTest" name="RequestAcall" time="3.285"/>
  <testcase classname="HomePage.HomePage_FunctionalTest" name="ViewAllS" time="1.222"/>
  <testcase classname="HomePage.HomePage_FunctionalTest" name="ViewAllBlog" time="2.098"/>
  <testcase classname="HomePage.HomePage_FunctionalTest" name="KnowMore" time="3.584"/>
  <testcase classname="HomePage.HomePage_FunctionalTest" name="ApplyNowBottonCTA" time="2.534"/>
  <testcase classname="HomePage.HomePage_FunctionalTest" name="ClickonShowMoreAboutus" time="5.288"/>
  <testcase classname="HomePage.HomePage_FunctionalTest" name="CareerServices1" time="4.713"/>
  <testcase classname="HomePage.HomePage_FunctionalTest" name="StudentStory" time="5.192"/>
  <testcase classname="HomePage.HomePage_FunctionalTest" name="LeaderShip" time="5.471"/>
  <testcase classname="HomePage.HomePage_FunctionalTest" name="Corporate" time="5.863"/>
  <testcase classname="HomePage.HomePage_FunctionalTest" name="ContactUs" time="5.122"/>
  <testcase classname="HomePage.HomePage_FunctionalTest" name="Terms" time="5.343"/>
  <testcase classname="HomePage.HomePage_FunctionalTest" name="StudentSupport" time="6.335"/>
  <testcase classname="HomePage.HomePage_FunctionalTest" name="Intellectualproperty" time="7.606"/>
  <testcase classname="HomePage.HomePage_FunctionalTest" name="UGC" time="5.386"/>
  <testcase classname="HomePage.HomePage_FunctionalTest" name="Resource" time="5.763"/>
  <testcase classname="HomePage.HomePage_FunctionalTest" name="Blog" time="5.356"/>
  <testcase classname="HomePage.HomePage_FunctionalTest" name="Media" time="6.684"/>
  <testcase classname="HomePage.HomePage_FunctionalTest" name="BCA" time="4.05"/>
  <testcase classname="HomePage.HomePage_FunctionalTest" name="BCASp" time="4.188"/>
  <testcase classname="HomePage.HomePage_FunctionalTest" name="BCAdataAnalytics" time="4.328"/>
  <testcase classname="HomePage.HomePage_FunctionalTest" name="BBA" time="4.538"/>
  <testcase classname="HomePage.HomePage_FunctionalTest" name="BAJandM" time="3.942"/>
  <testcase classname="HomePage.HomePage_FunctionalTest" name="Bcom" time="4.279"/>
  <testcase classname="HomePage.HomePage_FunctionalTest" name="BA" time="4.052"/>
  <testcase classname="HomePage.HomePage_FunctionalTest" name="BAKannada" time="4.294"/>
  <testcase classname="HomePage.HomePage_FunctionalTest" name="BAMalayalam" time="4.127"/>
  <testcase classname="HomePage.HomePage_FunctionalTest" name="BATamil" time="5.021"/>
  <testcase classname="HomePage.HomePage_FunctionalTest" name="BATelugu" time="5.111"/>
  <testcase classname="HomePage.HomePage_FunctionalTest" name="BAHindi" time="4.197"/>
  <testcase classname="HomePage.HomePage_FunctionalTest" name="BcomFinance" time="4.016"/>
  <testcase classname="HomePage.HomePage_FunctionalTest" name="BcomHonours" time="4.666"/>
  <testcase classname="HomePage.HomePage_FunctionalTest" name="MCAPrograms" time="4.086"/>
  <testcase classname="HomePage.HomePage_FunctionalTest" name="MCABlockchain" time="8.009"/>
  <testcase classname="HomePage.HomePage_FunctionalTest" name="MCAwithspecializationinMLandAl" time="5.768"/>
  <testcase classname="HomePage.HomePage_FunctionalTest" name="MCAwithspecializationinMachineLearning" time="4.684"/>
  <testcase classname="HomePage.HomePage_FunctionalTest" name="MCAwithspecializationinARandVR" time="4.769"/>
  <testcase classname="HomePage.HomePage_FunctionalTest" name="MasterofBusinessAdministration" time="3.861"/>
  <testcase classname="HomePage.HomePage_FunctionalTest" name="MBAwithspecializationinDigitalMarketingManagement" time="4.44"/>
  <testcase classname="HomePage.HomePage_FunctionalTest" name="MBAwithspecializationinHRAnalytics" time="3.908"/>
  <testcase classname="HomePage.HomePage_FunctionalTest" name="MBAwithspecializationinDataScience" time="4.452"/>
  <testcase classname="HomePage.HomePage_FunctionalTest" name="MBAwithspecializationinBusinessAnalytics" time="4.705"/>
  <testcase classname="HomePage.HomePage_FunctionalTest" name="MBAwithspecializationinDigitalEntrepreneurship" time="5.505"/>
  <testcase classname="HomePage.HomePage_FunctionalTest" name="MasterofArtsJournalismandMasscommunication" time="4.336"/>
  <testcase classname="HomePage.HomePage_FunctionalTest" name="MComwithspecializationinFintech" time="5.416"/>
  <testcase classname="HomePage.HomePage_FunctionalTest" name="MComwithspecializationinFinancialManagement" time="4.883"/>
  <testcase classname="HomePage.HomePage_FunctionalTest" name="MasterofArtsinPublicPolicyandGovernance" time="4.448"/>
  <testcase classname="HomePage.HomePage_FunctionalTest" name="MasterofArtsinPsychology" time="3.915"/>
  <testcase classname="HomePage.HomePage_FunctionalTest" name="MasterofScienceinDataScience" time="4.71"/>
  <testcase classname="HomePage.HomePage_FunctionalTest" name="Printprograms" time="7.229"/>
</testsuite> <!-- Default test -->
