<?xml version="1.0" encoding="UTF-8"?>
<testng-results ignored="0" total="62" passed="62" failed="0" skipped="0">
  <reporter-output>
  </reporter-output>
  <suite started-at="2024-08-12T10:25:18 IST" name="Default suite" finished-at="2024-08-12T10:32:42 IST" duration-ms="443464">
    <groups>
    </groups>
    <test started-at="2024-08-12T10:25:18 IST" name="Default test" finished-at="2024-08-12T10:32:42 IST" duration-ms="443464">
      <class name="HomePage.HomePage_FunctionalTest">
        <test-method is-config="true" signature="LaunchBrowser()[pri:0, instance:HomePage.HomePage_FunctionalTest@26abb146]" started-at="2024-08-12T10:25:18 IST" name="LaunchBrowser" finished-at="2024-08-12T10:25:26 IST" duration-ms="7273" status="PASS">
          <reporter-output>
          </reporter-output>
        </test-method> <!-- LaunchBrowser -->
        <test-method signature="AmityLogo()[pri:1, instance:HomePage.HomePage_FunctionalTest@26abb146]" started-at="2024-08-12T10:25:26 IST" name="AmityLogo" finished-at="2024-08-12T10:25:26 IST" duration-ms="249" status="PASS">
          <reporter-output>
          </reporter-output>
        </test-method> <!-- AmityLogo -->
        <test-method is-config="true" signature="CloseBrowser()[pri:0, instance:HomePage.HomePage_FunctionalTest@26abb146]" started-at="2024-08-12T10:25:26 IST" name="CloseBrowser" finished-at="2024-08-12T10:25:26 IST" duration-ms="201" status="PASS">
          <reporter-output>
          </reporter-output>
        </test-method> <!-- CloseBrowser -->
        <test-method is-config="true" signature="LaunchBrowser()[pri:0, instance:HomePage.HomePage_FunctionalTest@26abb146]" started-at="2024-08-12T10:25:26 IST" name="LaunchBrowser" finished-at="2024-08-12T10:25:28 IST" duration-ms="2295" status="PASS">
          <reporter-output>
          </reporter-output>
        </test-method> <!-- LaunchBrowser -->
        <test-method signature="ProgramButton()[pri:2, instance:HomePage.HomePage_FunctionalTest@26abb146]" started-at="2024-08-12T10:25:28 IST" name="ProgramButton" finished-at="2024-08-12T10:25:29 IST" duration-ms="351" status="PASS">
          <reporter-output>
          </reporter-output>
        </test-method> <!-- ProgramButton -->
        <test-method is-config="true" signature="CloseBrowser()[pri:0, instance:HomePage.HomePage_FunctionalTest@26abb146]" started-at="2024-08-12T10:25:29 IST" name="CloseBrowser" finished-at="2024-08-12T10:25:29 IST" duration-ms="219" status="PASS">
          <reporter-output>
          </reporter-output>
        </test-method> <!-- CloseBrowser -->
        <test-method is-config="true" signature="LaunchBrowser()[pri:0, instance:HomePage.HomePage_FunctionalTest@26abb146]" started-at="2024-08-12T10:25:29 IST" name="LaunchBrowser" finished-at="2024-08-12T10:25:32 IST" duration-ms="2663" status="PASS">
          <reporter-output>
          </reporter-output>
        </test-method> <!-- LaunchBrowser -->
        <test-method signature="CareerServices()[pri:3, instance:HomePage.HomePage_FunctionalTest@26abb146]" started-at="2024-08-12T10:25:32 IST" name="CareerServices" finished-at="2024-08-12T10:25:34 IST" duration-ms="2947" status="PASS">
          <reporter-output>
          </reporter-output>
        </test-method> <!-- CareerServices -->
        <test-method is-config="true" signature="CloseBrowser()[pri:0, instance:HomePage.HomePage_FunctionalTest@26abb146]" started-at="2024-08-12T10:25:34 IST" name="CloseBrowser" finished-at="2024-08-12T10:25:35 IST" duration-ms="180" status="PASS">
          <reporter-output>
          </reporter-output>
        </test-method> <!-- CloseBrowser -->
        <test-method is-config="true" signature="LaunchBrowser()[pri:0, instance:HomePage.HomePage_FunctionalTest@26abb146]" started-at="2024-08-12T10:25:35 IST" name="LaunchBrowser" finished-at="2024-08-12T10:25:37 IST" duration-ms="2612" status="PASS">
          <reporter-output>
          </reporter-output>
        </test-method> <!-- LaunchBrowser -->
        <test-method signature="AdvantagesButton()[pri:4, instance:HomePage.HomePage_FunctionalTest@26abb146]" started-at="2024-08-12T10:25:37 IST" name="AdvantagesButton" finished-at="2024-08-12T10:25:39 IST" duration-ms="1466" status="PASS">
          <reporter-output>
          </reporter-output>
        </test-method> <!-- AdvantagesButton -->
        <test-method is-config="true" signature="CloseBrowser()[pri:0, instance:HomePage.HomePage_FunctionalTest@26abb146]" started-at="2024-08-12T10:25:39 IST" name="CloseBrowser" finished-at="2024-08-12T10:25:39 IST" duration-ms="384" status="PASS">
          <reporter-output>
          </reporter-output>
        </test-method> <!-- CloseBrowser -->
        <test-method is-config="true" signature="LaunchBrowser()[pri:0, instance:HomePage.HomePage_FunctionalTest@26abb146]" started-at="2024-08-12T10:25:39 IST" name="LaunchBrowser" finished-at="2024-08-12T10:25:42 IST" duration-ms="3334" status="PASS">
          <reporter-output>
          </reporter-output>
        </test-method> <!-- LaunchBrowser -->
        <test-method signature="SearchButton()[pri:5, instance:HomePage.HomePage_FunctionalTest@26abb146]" started-at="2024-08-12T10:25:42 IST" name="SearchButton" finished-at="2024-08-12T10:25:43 IST" duration-ms="69" status="PASS">
          <reporter-output>
          </reporter-output>
        </test-method> <!-- SearchButton -->
        <test-method is-config="true" signature="CloseBrowser()[pri:0, instance:HomePage.HomePage_FunctionalTest@26abb146]" started-at="2024-08-12T10:25:43 IST" name="CloseBrowser" finished-at="2024-08-12T10:25:43 IST" duration-ms="394" status="PASS">
          <reporter-output>
          </reporter-output>
        </test-method> <!-- CloseBrowser -->
        <test-method is-config="true" signature="LaunchBrowser()[pri:0, instance:HomePage.HomePage_FunctionalTest@26abb146]" started-at="2024-08-12T10:25:43 IST" name="LaunchBrowser" finished-at="2024-08-12T10:25:46 IST" duration-ms="2775" status="PASS">
          <reporter-output>
          </reporter-output>
        </test-method> <!-- LaunchBrowser -->
        <test-method signature="CallusButton()[pri:6, instance:HomePage.HomePage_FunctionalTest@26abb146]" started-at="2024-08-12T10:25:46 IST" name="CallusButton" finished-at="2024-08-12T10:25:48 IST" duration-ms="2345" status="PASS">
          <reporter-output>
          </reporter-output>
        </test-method> <!-- CallusButton -->
        <test-method is-config="true" signature="CloseBrowser()[pri:0, instance:HomePage.HomePage_FunctionalTest@26abb146]" started-at="2024-08-12T10:25:48 IST" name="CloseBrowser" finished-at="2024-08-12T10:25:48 IST" duration-ms="138" status="PASS">
          <reporter-output>
          </reporter-output>
        </test-method> <!-- CloseBrowser -->
        <test-method is-config="true" signature="LaunchBrowser()[pri:0, instance:HomePage.HomePage_FunctionalTest@26abb146]" started-at="2024-08-12T10:25:48 IST" name="LaunchBrowser" finished-at="2024-08-12T10:25:51 IST" duration-ms="2569" status="PASS">
          <reporter-output>
          </reporter-output>
        </test-method> <!-- LaunchBrowser -->
        <test-method signature="StudentLoginButoon()[pri:7, instance:HomePage.HomePage_FunctionalTest@26abb146]" started-at="2024-08-12T10:25:51 IST" name="StudentLoginButoon" finished-at="2024-08-12T10:25:53 IST" duration-ms="2232" status="PASS">
          <reporter-output>
          </reporter-output>
        </test-method> <!-- StudentLoginButoon -->
        <test-method is-config="true" signature="CloseBrowser()[pri:0, instance:HomePage.HomePage_FunctionalTest@26abb146]" started-at="2024-08-12T10:25:53 IST" name="CloseBrowser" finished-at="2024-08-12T10:25:53 IST" duration-ms="129" status="PASS">
          <reporter-output>
          </reporter-output>
        </test-method> <!-- CloseBrowser -->
        <test-method is-config="true" signature="LaunchBrowser()[pri:0, instance:HomePage.HomePage_FunctionalTest@26abb146]" started-at="2024-08-12T10:25:53 IST" name="LaunchBrowser" finished-at="2024-08-12T10:25:56 IST" duration-ms="2558" status="PASS">
          <reporter-output>
          </reporter-output>
        </test-method> <!-- LaunchBrowser -->
        <test-method signature="EnrollNowButton()[pri:8, instance:HomePage.HomePage_FunctionalTest@26abb146]" started-at="2024-08-12T10:25:56 IST" name="EnrollNowButton" finished-at="2024-08-12T10:25:58 IST" duration-ms="2645" status="PASS">
          <reporter-output>
          </reporter-output>
        </test-method> <!-- EnrollNowButton -->
        <test-method is-config="true" signature="CloseBrowser()[pri:0, instance:HomePage.HomePage_FunctionalTest@26abb146]" started-at="2024-08-12T10:25:58 IST" name="CloseBrowser" finished-at="2024-08-12T10:25:58 IST" duration-ms="138" status="PASS">
          <reporter-output>
          </reporter-output>
        </test-method> <!-- CloseBrowser -->
        <test-method is-config="true" signature="LaunchBrowser()[pri:0, instance:HomePage.HomePage_FunctionalTest@26abb146]" started-at="2024-08-12T10:25:58 IST" name="LaunchBrowser" finished-at="2024-08-12T10:26:01 IST" duration-ms="2422" status="PASS">
          <reporter-output>
          </reporter-output>
        </test-method> <!-- LaunchBrowser -->
        <test-method signature="ApplyNowbutton()[pri:9, instance:HomePage.HomePage_FunctionalTest@26abb146]" started-at="2024-08-12T10:26:01 IST" name="ApplyNowbutton" finished-at="2024-08-12T10:26:05 IST" duration-ms="4347" status="PASS">
          <reporter-output>
          </reporter-output>
        </test-method> <!-- ApplyNowbutton -->
        <test-method is-config="true" signature="CloseBrowser()[pri:0, instance:HomePage.HomePage_FunctionalTest@26abb146]" started-at="2024-08-12T10:26:05 IST" name="CloseBrowser" finished-at="2024-08-12T10:26:05 IST" duration-ms="116" status="PASS">
          <reporter-output>
          </reporter-output>
        </test-method> <!-- CloseBrowser -->
        <test-method is-config="true" signature="LaunchBrowser()[pri:0, instance:HomePage.HomePage_FunctionalTest@26abb146]" started-at="2024-08-12T10:26:05 IST" name="LaunchBrowser" finished-at="2024-08-12T10:26:08 IST" duration-ms="2456" status="PASS">
          <reporter-output>
          </reporter-output>
        </test-method> <!-- LaunchBrowser -->
        <test-method signature="Callicon()[pri:10, instance:HomePage.HomePage_FunctionalTest@26abb146]" started-at="2024-08-12T10:26:08 IST" name="Callicon" finished-at="2024-08-12T10:26:10 IST" duration-ms="2558" status="PASS">
          <reporter-output>
          </reporter-output>
        </test-method> <!-- Callicon -->
        <test-method is-config="true" signature="CloseBrowser()[pri:0, instance:HomePage.HomePage_FunctionalTest@26abb146]" started-at="2024-08-12T10:26:10 IST" name="CloseBrowser" finished-at="2024-08-12T10:26:10 IST" duration-ms="128" status="PASS">
          <reporter-output>
          </reporter-output>
        </test-method> <!-- CloseBrowser -->
        <test-method is-config="true" signature="LaunchBrowser()[pri:0, instance:HomePage.HomePage_FunctionalTest@26abb146]" started-at="2024-08-12T10:26:11 IST" name="LaunchBrowser" finished-at="2024-08-12T10:26:13 IST" duration-ms="2420" status="PASS">
          <reporter-output>
          </reporter-output>
        </test-method> <!-- LaunchBrowser -->
        <test-method signature="WhatsappIcon()[pri:11, instance:HomePage.HomePage_FunctionalTest@26abb146]" started-at="2024-08-12T10:26:13 IST" name="WhatsappIcon" finished-at="2024-08-12T10:26:16 IST" duration-ms="3492" status="PASS">
          <reporter-output>
          </reporter-output>
        </test-method> <!-- WhatsappIcon -->
        <test-method is-config="true" signature="CloseBrowser()[pri:0, instance:HomePage.HomePage_FunctionalTest@26abb146]" started-at="2024-08-12T10:26:16 IST" name="CloseBrowser" finished-at="2024-08-12T10:26:17 IST" duration-ms="177" status="PASS">
          <reporter-output>
          </reporter-output>
        </test-method> <!-- CloseBrowser -->
        <test-method is-config="true" signature="LaunchBrowser()[pri:0, instance:HomePage.HomePage_FunctionalTest@26abb146]" started-at="2024-08-12T10:26:17 IST" name="LaunchBrowser" finished-at="2024-08-12T10:26:19 IST" duration-ms="2509" status="PASS">
          <reporter-output>
          </reporter-output>
        </test-method> <!-- LaunchBrowser -->
        <test-method signature="ViewAll()[pri:12, instance:HomePage.HomePage_FunctionalTest@26abb146]" started-at="2024-08-12T10:26:19 IST" name="ViewAll" finished-at="2024-08-12T10:26:20 IST" duration-ms="1028" status="PASS">
          <reporter-output>
          </reporter-output>
        </test-method> <!-- ViewAll -->
        <test-method is-config="true" signature="CloseBrowser()[pri:0, instance:HomePage.HomePage_FunctionalTest@26abb146]" started-at="2024-08-12T10:26:20 IST" name="CloseBrowser" finished-at="2024-08-12T10:26:20 IST" duration-ms="187" status="PASS">
          <reporter-output>
          </reporter-output>
        </test-method> <!-- CloseBrowser -->
        <test-method is-config="true" signature="LaunchBrowser()[pri:0, instance:HomePage.HomePage_FunctionalTest@26abb146]" started-at="2024-08-12T10:26:20 IST" name="LaunchBrowser" finished-at="2024-08-12T10:26:23 IST" duration-ms="2370" status="PASS">
          <reporter-output>
          </reporter-output>
        </test-method> <!-- LaunchBrowser -->
        <test-method signature="RequestAcall()[pri:13, instance:HomePage.HomePage_FunctionalTest@26abb146]" started-at="2024-08-12T10:26:23 IST" name="RequestAcall" finished-at="2024-08-12T10:26:26 IST" duration-ms="3285" status="PASS">
          <reporter-output>
          </reporter-output>
        </test-method> <!-- RequestAcall -->
        <test-method is-config="true" signature="CloseBrowser()[pri:0, instance:HomePage.HomePage_FunctionalTest@26abb146]" started-at="2024-08-12T10:26:26 IST" name="CloseBrowser" finished-at="2024-08-12T10:26:26 IST" duration-ms="121" status="PASS">
          <reporter-output>
          </reporter-output>
        </test-method> <!-- CloseBrowser -->
        <test-method is-config="true" signature="LaunchBrowser()[pri:0, instance:HomePage.HomePage_FunctionalTest@26abb146]" started-at="2024-08-12T10:26:26 IST" name="LaunchBrowser" finished-at="2024-08-12T10:26:28 IST" duration-ms="2366" status="PASS">
          <reporter-output>
          </reporter-output>
        </test-method> <!-- LaunchBrowser -->
        <test-method signature="ViewAllS()[pri:14, instance:HomePage.HomePage_FunctionalTest@26abb146]" started-at="2024-08-12T10:26:28 IST" name="ViewAllS" finished-at="2024-08-12T10:26:30 IST" duration-ms="1222" status="PASS">
          <reporter-output>
          </reporter-output>
        </test-method> <!-- ViewAllS -->
        <test-method is-config="true" signature="CloseBrowser()[pri:0, instance:HomePage.HomePage_FunctionalTest@26abb146]" started-at="2024-08-12T10:26:30 IST" name="CloseBrowser" finished-at="2024-08-12T10:26:30 IST" duration-ms="144" status="PASS">
          <reporter-output>
          </reporter-output>
        </test-method> <!-- CloseBrowser -->
        <test-method is-config="true" signature="LaunchBrowser()[pri:0, instance:HomePage.HomePage_FunctionalTest@26abb146]" started-at="2024-08-12T10:26:30 IST" name="LaunchBrowser" finished-at="2024-08-12T10:26:32 IST" duration-ms="2433" status="PASS">
          <reporter-output>
          </reporter-output>
        </test-method> <!-- LaunchBrowser -->
        <test-method signature="ViewAllBlog()[pri:15, instance:HomePage.HomePage_FunctionalTest@26abb146]" started-at="2024-08-12T10:26:32 IST" name="ViewAllBlog" finished-at="2024-08-12T10:26:34 IST" duration-ms="2098" status="PASS">
          <reporter-output>
          </reporter-output>
        </test-method> <!-- ViewAllBlog -->
        <test-method is-config="true" signature="CloseBrowser()[pri:0, instance:HomePage.HomePage_FunctionalTest@26abb146]" started-at="2024-08-12T10:26:34 IST" name="CloseBrowser" finished-at="2024-08-12T10:26:34 IST" duration-ms="116" status="PASS">
          <reporter-output>
          </reporter-output>
        </test-method> <!-- CloseBrowser -->
        <test-method is-config="true" signature="LaunchBrowser()[pri:0, instance:HomePage.HomePage_FunctionalTest@26abb146]" started-at="2024-08-12T10:26:34 IST" name="LaunchBrowser" finished-at="2024-08-12T10:26:37 IST" duration-ms="2452" status="PASS">
          <reporter-output>
          </reporter-output>
        </test-method> <!-- LaunchBrowser -->
        <test-method signature="KnowMore()[pri:16, instance:HomePage.HomePage_FunctionalTest@26abb146]" started-at="2024-08-12T10:26:37 IST" name="KnowMore" finished-at="2024-08-12T10:26:41 IST" duration-ms="3584" status="PASS">
          <reporter-output>
          </reporter-output>
        </test-method> <!-- KnowMore -->
        <test-method is-config="true" signature="CloseBrowser()[pri:0, instance:HomePage.HomePage_FunctionalTest@26abb146]" started-at="2024-08-12T10:26:41 IST" name="CloseBrowser" finished-at="2024-08-12T10:26:41 IST" duration-ms="149" status="PASS">
          <reporter-output>
          </reporter-output>
        </test-method> <!-- CloseBrowser -->
        <test-method is-config="true" signature="LaunchBrowser()[pri:0, instance:HomePage.HomePage_FunctionalTest@26abb146]" started-at="2024-08-12T10:26:41 IST" name="LaunchBrowser" finished-at="2024-08-12T10:26:43 IST" duration-ms="2604" status="PASS">
          <reporter-output>
          </reporter-output>
        </test-method> <!-- LaunchBrowser -->
        <test-method signature="ApplyNowBottonCTA()[pri:17, instance:HomePage.HomePage_FunctionalTest@26abb146]" started-at="2024-08-12T10:26:43 IST" name="ApplyNowBottonCTA" finished-at="2024-08-12T10:26:46 IST" duration-ms="2534" status="PASS">
          <reporter-output>
          </reporter-output>
        </test-method> <!-- ApplyNowBottonCTA -->
        <test-method is-config="true" signature="CloseBrowser()[pri:0, instance:HomePage.HomePage_FunctionalTest@26abb146]" started-at="2024-08-12T10:26:46 IST" name="CloseBrowser" finished-at="2024-08-12T10:26:46 IST" duration-ms="130" status="PASS">
          <reporter-output>
          </reporter-output>
        </test-method> <!-- CloseBrowser -->
        <test-method is-config="true" signature="LaunchBrowser()[pri:0, instance:HomePage.HomePage_FunctionalTest@26abb146]" started-at="2024-08-12T10:26:46 IST" name="LaunchBrowser" finished-at="2024-08-12T10:26:48 IST" duration-ms="2303" status="PASS">
          <reporter-output>
          </reporter-output>
        </test-method> <!-- LaunchBrowser -->
        <test-method signature="ClickonShowMoreAboutus()[pri:18, instance:HomePage.HomePage_FunctionalTest@26abb146]" started-at="2024-08-12T10:26:48 IST" name="ClickonShowMoreAboutus" finished-at="2024-08-12T10:26:54 IST" duration-ms="5288" status="PASS">
          <reporter-output>
          </reporter-output>
        </test-method> <!-- ClickonShowMoreAboutus -->
        <test-method is-config="true" signature="CloseBrowser()[pri:0, instance:HomePage.HomePage_FunctionalTest@26abb146]" started-at="2024-08-12T10:26:54 IST" name="CloseBrowser" finished-at="2024-08-12T10:26:54 IST" duration-ms="178" status="PASS">
          <reporter-output>
          </reporter-output>
        </test-method> <!-- CloseBrowser -->
        <test-method is-config="true" signature="LaunchBrowser()[pri:0, instance:HomePage.HomePage_FunctionalTest@26abb146]" started-at="2024-08-12T10:26:54 IST" name="LaunchBrowser" finished-at="2024-08-12T10:26:56 IST" duration-ms="2431" status="PASS">
          <reporter-output>
          </reporter-output>
        </test-method> <!-- LaunchBrowser -->
        <test-method signature="CareerServices1()[pri:19, instance:HomePage.HomePage_FunctionalTest@26abb146]" started-at="2024-08-12T10:26:56 IST" name="CareerServices1" finished-at="2024-08-12T10:27:01 IST" duration-ms="4713" status="PASS">
          <reporter-output>
          </reporter-output>
        </test-method> <!-- CareerServices1 -->
        <test-method is-config="true" signature="CloseBrowser()[pri:0, instance:HomePage.HomePage_FunctionalTest@26abb146]" started-at="2024-08-12T10:27:01 IST" name="CloseBrowser" finished-at="2024-08-12T10:27:01 IST" duration-ms="182" status="PASS">
          <reporter-output>
          </reporter-output>
        </test-method> <!-- CloseBrowser -->
        <test-method is-config="true" signature="LaunchBrowser()[pri:0, instance:HomePage.HomePage_FunctionalTest@26abb146]" started-at="2024-08-12T10:27:01 IST" name="LaunchBrowser" finished-at="2024-08-12T10:27:03 IST" duration-ms="2434" status="PASS">
          <reporter-output>
          </reporter-output>
        </test-method> <!-- LaunchBrowser -->
        <test-method signature="StudentStory()[pri:20, instance:HomePage.HomePage_FunctionalTest@26abb146]" started-at="2024-08-12T10:27:03 IST" name="StudentStory" finished-at="2024-08-12T10:27:09 IST" duration-ms="5192" status="PASS">
          <reporter-output>
          </reporter-output>
        </test-method> <!-- StudentStory -->
        <test-method is-config="true" signature="CloseBrowser()[pri:0, instance:HomePage.HomePage_FunctionalTest@26abb146]" started-at="2024-08-12T10:27:09 IST" name="CloseBrowser" finished-at="2024-08-12T10:27:09 IST" duration-ms="118" status="PASS">
          <reporter-output>
          </reporter-output>
        </test-method> <!-- CloseBrowser -->
        <test-method is-config="true" signature="LaunchBrowser()[pri:0, instance:HomePage.HomePage_FunctionalTest@26abb146]" started-at="2024-08-12T10:27:09 IST" name="LaunchBrowser" finished-at="2024-08-12T10:27:11 IST" duration-ms="2452" status="PASS">
          <reporter-output>
          </reporter-output>
        </test-method> <!-- LaunchBrowser -->
        <test-method signature="LeaderShip()[pri:21, instance:HomePage.HomePage_FunctionalTest@26abb146]" started-at="2024-08-12T10:27:11 IST" name="LeaderShip" finished-at="2024-08-12T10:27:17 IST" duration-ms="5471" status="PASS">
          <reporter-output>
          </reporter-output>
        </test-method> <!-- LeaderShip -->
        <test-method is-config="true" signature="CloseBrowser()[pri:0, instance:HomePage.HomePage_FunctionalTest@26abb146]" started-at="2024-08-12T10:27:17 IST" name="CloseBrowser" finished-at="2024-08-12T10:27:17 IST" duration-ms="242" status="PASS">
          <reporter-output>
          </reporter-output>
        </test-method> <!-- CloseBrowser -->
        <test-method is-config="true" signature="LaunchBrowser()[pri:0, instance:HomePage.HomePage_FunctionalTest@26abb146]" started-at="2024-08-12T10:27:17 IST" name="LaunchBrowser" finished-at="2024-08-12T10:27:19 IST" duration-ms="2408" status="PASS">
          <reporter-output>
          </reporter-output>
        </test-method> <!-- LaunchBrowser -->
        <test-method signature="Corporate()[pri:22, instance:HomePage.HomePage_FunctionalTest@26abb146]" started-at="2024-08-12T10:27:19 IST" name="Corporate" finished-at="2024-08-12T10:27:25 IST" duration-ms="5863" status="PASS">
          <reporter-output>
          </reporter-output>
        </test-method> <!-- Corporate -->
        <test-method is-config="true" signature="CloseBrowser()[pri:0, instance:HomePage.HomePage_FunctionalTest@26abb146]" started-at="2024-08-12T10:27:25 IST" name="CloseBrowser" finished-at="2024-08-12T10:27:25 IST" duration-ms="118" status="PASS">
          <reporter-output>
          </reporter-output>
        </test-method> <!-- CloseBrowser -->
        <test-method is-config="true" signature="LaunchBrowser()[pri:0, instance:HomePage.HomePage_FunctionalTest@26abb146]" started-at="2024-08-12T10:27:25 IST" name="LaunchBrowser" finished-at="2024-08-12T10:27:28 IST" duration-ms="2428" status="PASS">
          <reporter-output>
          </reporter-output>
        </test-method> <!-- LaunchBrowser -->
        <test-method signature="ContactUs()[pri:23, instance:HomePage.HomePage_FunctionalTest@26abb146]" started-at="2024-08-12T10:27:28 IST" name="ContactUs" finished-at="2024-08-12T10:27:33 IST" duration-ms="5122" status="PASS">
          <reporter-output>
          </reporter-output>
        </test-method> <!-- ContactUs -->
        <test-method is-config="true" signature="CloseBrowser()[pri:0, instance:HomePage.HomePage_FunctionalTest@26abb146]" started-at="2024-08-12T10:27:33 IST" name="CloseBrowser" finished-at="2024-08-12T10:27:33 IST" duration-ms="179" status="PASS">
          <reporter-output>
          </reporter-output>
        </test-method> <!-- CloseBrowser -->
        <test-method is-config="true" signature="LaunchBrowser()[pri:0, instance:HomePage.HomePage_FunctionalTest@26abb146]" started-at="2024-08-12T10:27:33 IST" name="LaunchBrowser" finished-at="2024-08-12T10:27:36 IST" duration-ms="3299" status="PASS">
          <reporter-output>
          </reporter-output>
        </test-method> <!-- LaunchBrowser -->
        <test-method signature="Terms()[pri:24, instance:HomePage.HomePage_FunctionalTest@26abb146]" started-at="2024-08-12T10:27:36 IST" name="Terms" finished-at="2024-08-12T10:27:42 IST" duration-ms="5343" status="PASS">
          <reporter-output>
          </reporter-output>
        </test-method> <!-- Terms -->
        <test-method is-config="true" signature="CloseBrowser()[pri:0, instance:HomePage.HomePage_FunctionalTest@26abb146]" started-at="2024-08-12T10:27:42 IST" name="CloseBrowser" finished-at="2024-08-12T10:27:42 IST" duration-ms="179" status="PASS">
          <reporter-output>
          </reporter-output>
        </test-method> <!-- CloseBrowser -->
        <test-method is-config="true" signature="LaunchBrowser()[pri:0, instance:HomePage.HomePage_FunctionalTest@26abb146]" started-at="2024-08-12T10:27:42 IST" name="LaunchBrowser" finished-at="2024-08-12T10:27:44 IST" duration-ms="2432" status="PASS">
          <reporter-output>
          </reporter-output>
        </test-method> <!-- LaunchBrowser -->
        <test-method signature="StudentSupport()[pri:25, instance:HomePage.HomePage_FunctionalTest@26abb146]" started-at="2024-08-12T10:27:44 IST" name="StudentSupport" finished-at="2024-08-12T10:27:51 IST" duration-ms="6335" status="PASS">
          <reporter-output>
          </reporter-output>
        </test-method> <!-- StudentSupport -->
        <test-method is-config="true" signature="CloseBrowser()[pri:0, instance:HomePage.HomePage_FunctionalTest@26abb146]" started-at="2024-08-12T10:27:51 IST" name="CloseBrowser" finished-at="2024-08-12T10:27:51 IST" duration-ms="179" status="PASS">
          <reporter-output>
          </reporter-output>
        </test-method> <!-- CloseBrowser -->
        <test-method is-config="true" signature="LaunchBrowser()[pri:0, instance:HomePage.HomePage_FunctionalTest@26abb146]" started-at="2024-08-12T10:27:51 IST" name="LaunchBrowser" finished-at="2024-08-12T10:27:53 IST" duration-ms="2371" status="PASS">
          <reporter-output>
          </reporter-output>
        </test-method> <!-- LaunchBrowser -->
        <test-method signature="Intellectualproperty()[pri:26, instance:HomePage.HomePage_FunctionalTest@26abb146]" started-at="2024-08-12T10:27:53 IST" name="Intellectualproperty" finished-at="2024-08-12T10:28:01 IST" duration-ms="7606" status="PASS">
          <reporter-output>
          </reporter-output>
        </test-method> <!-- Intellectualproperty -->
        <test-method is-config="true" signature="CloseBrowser()[pri:0, instance:HomePage.HomePage_FunctionalTest@26abb146]" started-at="2024-08-12T10:28:01 IST" name="CloseBrowser" finished-at="2024-08-12T10:28:01 IST" duration-ms="136" status="PASS">
          <reporter-output>
          </reporter-output>
        </test-method> <!-- CloseBrowser -->
        <test-method is-config="true" signature="LaunchBrowser()[pri:0, instance:HomePage.HomePage_FunctionalTest@26abb146]" started-at="2024-08-12T10:28:01 IST" name="LaunchBrowser" finished-at="2024-08-12T10:28:03 IST" duration-ms="2325" status="PASS">
          <reporter-output>
          </reporter-output>
        </test-method> <!-- LaunchBrowser -->
        <test-method signature="UGC()[pri:27, instance:HomePage.HomePage_FunctionalTest@26abb146]" started-at="2024-08-12T10:28:03 IST" name="UGC" finished-at="2024-08-12T10:28:09 IST" duration-ms="5386" status="PASS">
          <reporter-output>
          </reporter-output>
        </test-method> <!-- UGC -->
        <test-method is-config="true" signature="CloseBrowser()[pri:0, instance:HomePage.HomePage_FunctionalTest@26abb146]" started-at="2024-08-12T10:28:09 IST" name="CloseBrowser" finished-at="2024-08-12T10:28:09 IST" duration-ms="147" status="PASS">
          <reporter-output>
          </reporter-output>
        </test-method> <!-- CloseBrowser -->
        <test-method is-config="true" signature="LaunchBrowser()[pri:0, instance:HomePage.HomePage_FunctionalTest@26abb146]" started-at="2024-08-12T10:28:09 IST" name="LaunchBrowser" finished-at="2024-08-12T10:28:11 IST" duration-ms="2281" status="PASS">
          <reporter-output>
          </reporter-output>
        </test-method> <!-- LaunchBrowser -->
        <test-method signature="Resource()[pri:28, instance:HomePage.HomePage_FunctionalTest@26abb146]" started-at="2024-08-12T10:28:11 IST" name="Resource" finished-at="2024-08-12T10:28:17 IST" duration-ms="5763" status="PASS">
          <reporter-output>
          </reporter-output>
        </test-method> <!-- Resource -->
        <test-method is-config="true" signature="CloseBrowser()[pri:0, instance:HomePage.HomePage_FunctionalTest@26abb146]" started-at="2024-08-12T10:28:17 IST" name="CloseBrowser" finished-at="2024-08-12T10:28:17 IST" duration-ms="140" status="PASS">
          <reporter-output>
          </reporter-output>
        </test-method> <!-- CloseBrowser -->
        <test-method is-config="true" signature="LaunchBrowser()[pri:0, instance:HomePage.HomePage_FunctionalTest@26abb146]" started-at="2024-08-12T10:28:17 IST" name="LaunchBrowser" finished-at="2024-08-12T10:28:20 IST" duration-ms="2482" status="PASS">
          <reporter-output>
          </reporter-output>
        </test-method> <!-- LaunchBrowser -->
        <test-method signature="Blog()[pri:29, instance:HomePage.HomePage_FunctionalTest@26abb146]" started-at="2024-08-12T10:28:20 IST" name="Blog" finished-at="2024-08-12T10:28:25 IST" duration-ms="5356" status="PASS">
          <reporter-output>
          </reporter-output>
        </test-method> <!-- Blog -->
        <test-method is-config="true" signature="CloseBrowser()[pri:0, instance:HomePage.HomePage_FunctionalTest@26abb146]" started-at="2024-08-12T10:28:25 IST" name="CloseBrowser" finished-at="2024-08-12T10:28:25 IST" duration-ms="134" status="PASS">
          <reporter-output>
          </reporter-output>
        </test-method> <!-- CloseBrowser -->
        <test-method is-config="true" signature="LaunchBrowser()[pri:0, instance:HomePage.HomePage_FunctionalTest@26abb146]" started-at="2024-08-12T10:28:25 IST" name="LaunchBrowser" finished-at="2024-08-12T10:28:27 IST" duration-ms="2405" status="PASS">
          <reporter-output>
          </reporter-output>
        </test-method> <!-- LaunchBrowser -->
        <test-method signature="Media()[pri:30, instance:HomePage.HomePage_FunctionalTest@26abb146]" started-at="2024-08-12T10:28:27 IST" name="Media" finished-at="2024-08-12T10:28:34 IST" duration-ms="6684" status="PASS">
          <reporter-output>
          </reporter-output>
        </test-method> <!-- Media -->
        <test-method is-config="true" signature="CloseBrowser()[pri:0, instance:HomePage.HomePage_FunctionalTest@26abb146]" started-at="2024-08-12T10:28:34 IST" name="CloseBrowser" finished-at="2024-08-12T10:28:34 IST" duration-ms="179" status="PASS">
          <reporter-output>
          </reporter-output>
        </test-method> <!-- CloseBrowser -->
        <test-method is-config="true" signature="LaunchBrowser()[pri:0, instance:HomePage.HomePage_FunctionalTest@26abb146]" started-at="2024-08-12T10:28:34 IST" name="LaunchBrowser" finished-at="2024-08-12T10:28:37 IST" duration-ms="2451" status="PASS">
          <reporter-output>
          </reporter-output>
        </test-method> <!-- LaunchBrowser -->
        <test-method signature="BCA()[pri:31, instance:HomePage.HomePage_FunctionalTest@26abb146]" started-at="2024-08-12T10:28:37 IST" name="BCA" finished-at="2024-08-12T10:28:41 IST" duration-ms="4050" status="PASS">
          <reporter-output>
          </reporter-output>
        </test-method> <!-- BCA -->
        <test-method is-config="true" signature="CloseBrowser()[pri:0, instance:HomePage.HomePage_FunctionalTest@26abb146]" started-at="2024-08-12T10:28:41 IST" name="CloseBrowser" finished-at="2024-08-12T10:28:41 IST" duration-ms="148" status="PASS">
          <reporter-output>
          </reporter-output>
        </test-method> <!-- CloseBrowser -->
        <test-method is-config="true" signature="LaunchBrowser()[pri:0, instance:HomePage.HomePage_FunctionalTest@26abb146]" started-at="2024-08-12T10:28:41 IST" name="LaunchBrowser" finished-at="2024-08-12T10:28:43 IST" duration-ms="2539" status="PASS">
          <reporter-output>
          </reporter-output>
        </test-method> <!-- LaunchBrowser -->
        <test-method signature="BCASp()[pri:32, instance:HomePage.HomePage_FunctionalTest@26abb146]" started-at="2024-08-12T10:28:43 IST" name="BCASp" finished-at="2024-08-12T10:28:48 IST" duration-ms="4188" status="PASS">
          <reporter-output>
          </reporter-output>
        </test-method> <!-- BCASp -->
        <test-method is-config="true" signature="CloseBrowser()[pri:0, instance:HomePage.HomePage_FunctionalTest@26abb146]" started-at="2024-08-12T10:28:48 IST" name="CloseBrowser" finished-at="2024-08-12T10:28:48 IST" duration-ms="147" status="PASS">
          <reporter-output>
          </reporter-output>
        </test-method> <!-- CloseBrowser -->
        <test-method is-config="true" signature="LaunchBrowser()[pri:0, instance:HomePage.HomePage_FunctionalTest@26abb146]" started-at="2024-08-12T10:28:48 IST" name="LaunchBrowser" finished-at="2024-08-12T10:28:51 IST" duration-ms="2806" status="PASS">
          <reporter-output>
          </reporter-output>
        </test-method> <!-- LaunchBrowser -->
        <test-method signature="BCAdataAnalytics()[pri:33, instance:HomePage.HomePage_FunctionalTest@26abb146]" started-at="2024-08-12T10:28:51 IST" name="BCAdataAnalytics" finished-at="2024-08-12T10:28:55 IST" duration-ms="4328" status="PASS">
          <reporter-output>
          </reporter-output>
        </test-method> <!-- BCAdataAnalytics -->
        <test-method is-config="true" signature="CloseBrowser()[pri:0, instance:HomePage.HomePage_FunctionalTest@26abb146]" started-at="2024-08-12T10:28:55 IST" name="CloseBrowser" finished-at="2024-08-12T10:28:55 IST" duration-ms="132" status="PASS">
          <reporter-output>
          </reporter-output>
        </test-method> <!-- CloseBrowser -->
        <test-method is-config="true" signature="LaunchBrowser()[pri:0, instance:HomePage.HomePage_FunctionalTest@26abb146]" started-at="2024-08-12T10:28:55 IST" name="LaunchBrowser" finished-at="2024-08-12T10:28:57 IST" duration-ms="2398" status="PASS">
          <reporter-output>
          </reporter-output>
        </test-method> <!-- LaunchBrowser -->
        <test-method signature="BBA()[pri:34, instance:HomePage.HomePage_FunctionalTest@26abb146]" started-at="2024-08-12T10:28:57 IST" name="BBA" finished-at="2024-08-12T10:29:02 IST" duration-ms="4538" status="PASS">
          <reporter-output>
          </reporter-output>
        </test-method> <!-- BBA -->
        <test-method is-config="true" signature="CloseBrowser()[pri:0, instance:HomePage.HomePage_FunctionalTest@26abb146]" started-at="2024-08-12T10:29:02 IST" name="CloseBrowser" finished-at="2024-08-12T10:29:02 IST" duration-ms="134" status="PASS">
          <reporter-output>
          </reporter-output>
        </test-method> <!-- CloseBrowser -->
        <test-method is-config="true" signature="LaunchBrowser()[pri:0, instance:HomePage.HomePage_FunctionalTest@26abb146]" started-at="2024-08-12T10:29:02 IST" name="LaunchBrowser" finished-at="2024-08-12T10:29:05 IST" duration-ms="2363" status="PASS">
          <reporter-output>
          </reporter-output>
        </test-method> <!-- LaunchBrowser -->
        <test-method signature="BAJandM()[pri:35, instance:HomePage.HomePage_FunctionalTest@26abb146]" started-at="2024-08-12T10:29:05 IST" name="BAJandM" finished-at="2024-08-12T10:29:08 IST" duration-ms="3942" status="PASS">
          <reporter-output>
          </reporter-output>
        </test-method> <!-- BAJandM -->
        <test-method is-config="true" signature="CloseBrowser()[pri:0, instance:HomePage.HomePage_FunctionalTest@26abb146]" started-at="2024-08-12T10:29:08 IST" name="CloseBrowser" finished-at="2024-08-12T10:29:09 IST" duration-ms="119" status="PASS">
          <reporter-output>
          </reporter-output>
        </test-method> <!-- CloseBrowser -->
        <test-method is-config="true" signature="LaunchBrowser()[pri:0, instance:HomePage.HomePage_FunctionalTest@26abb146]" started-at="2024-08-12T10:29:09 IST" name="LaunchBrowser" finished-at="2024-08-12T10:29:11 IST" duration-ms="2439" status="PASS">
          <reporter-output>
          </reporter-output>
        </test-method> <!-- LaunchBrowser -->
        <test-method signature="Bcom()[pri:36, instance:HomePage.HomePage_FunctionalTest@26abb146]" started-at="2024-08-12T10:29:11 IST" name="Bcom" finished-at="2024-08-12T10:29:15 IST" duration-ms="4279" status="PASS">
          <reporter-output>
          </reporter-output>
        </test-method> <!-- Bcom -->
        <test-method is-config="true" signature="CloseBrowser()[pri:0, instance:HomePage.HomePage_FunctionalTest@26abb146]" started-at="2024-08-12T10:29:15 IST" name="CloseBrowser" finished-at="2024-08-12T10:29:15 IST" duration-ms="144" status="PASS">
          <reporter-output>
          </reporter-output>
        </test-method> <!-- CloseBrowser -->
        <test-method is-config="true" signature="LaunchBrowser()[pri:0, instance:HomePage.HomePage_FunctionalTest@26abb146]" started-at="2024-08-12T10:29:15 IST" name="LaunchBrowser" finished-at="2024-08-12T10:29:18 IST" duration-ms="2433" status="PASS">
          <reporter-output>
          </reporter-output>
        </test-method> <!-- LaunchBrowser -->
        <test-method signature="BA()[pri:37, instance:HomePage.HomePage_FunctionalTest@26abb146]" started-at="2024-08-12T10:29:18 IST" name="BA" finished-at="2024-08-12T10:29:22 IST" duration-ms="4052" status="PASS">
          <reporter-output>
          </reporter-output>
        </test-method> <!-- BA -->
        <test-method is-config="true" signature="CloseBrowser()[pri:0, instance:HomePage.HomePage_FunctionalTest@26abb146]" started-at="2024-08-12T10:29:22 IST" name="CloseBrowser" finished-at="2024-08-12T10:29:22 IST" duration-ms="149" status="PASS">
          <reporter-output>
          </reporter-output>
        </test-method> <!-- CloseBrowser -->
        <test-method is-config="true" signature="LaunchBrowser()[pri:0, instance:HomePage.HomePage_FunctionalTest@26abb146]" started-at="2024-08-12T10:29:22 IST" name="LaunchBrowser" finished-at="2024-08-12T10:29:24 IST" duration-ms="2386" status="PASS">
          <reporter-output>
          </reporter-output>
        </test-method> <!-- LaunchBrowser -->
        <test-method signature="BAKannada()[pri:38, instance:HomePage.HomePage_FunctionalTest@26abb146]" started-at="2024-08-12T10:29:24 IST" name="BAKannada" finished-at="2024-08-12T10:29:29 IST" duration-ms="4294" status="PASS">
          <reporter-output>
          </reporter-output>
        </test-method> <!-- BAKannada -->
        <test-method is-config="true" signature="CloseBrowser()[pri:0, instance:HomePage.HomePage_FunctionalTest@26abb146]" started-at="2024-08-12T10:29:29 IST" name="CloseBrowser" finished-at="2024-08-12T10:29:29 IST" duration-ms="153" status="PASS">
          <reporter-output>
          </reporter-output>
        </test-method> <!-- CloseBrowser -->
        <test-method is-config="true" signature="LaunchBrowser()[pri:0, instance:HomePage.HomePage_FunctionalTest@26abb146]" started-at="2024-08-12T10:29:29 IST" name="LaunchBrowser" finished-at="2024-08-12T10:29:31 IST" duration-ms="2541" status="PASS">
          <reporter-output>
          </reporter-output>
        </test-method> <!-- LaunchBrowser -->
        <test-method signature="BAMalayalam()[pri:39, instance:HomePage.HomePage_FunctionalTest@26abb146]" started-at="2024-08-12T10:29:31 IST" name="BAMalayalam" finished-at="2024-08-12T10:29:36 IST" duration-ms="4127" status="PASS">
          <reporter-output>
          </reporter-output>
        </test-method> <!-- BAMalayalam -->
        <test-method is-config="true" signature="CloseBrowser()[pri:0, instance:HomePage.HomePage_FunctionalTest@26abb146]" started-at="2024-08-12T10:29:36 IST" name="CloseBrowser" finished-at="2024-08-12T10:29:36 IST" duration-ms="145" status="PASS">
          <reporter-output>
          </reporter-output>
        </test-method> <!-- CloseBrowser -->
        <test-method is-config="true" signature="LaunchBrowser()[pri:0, instance:HomePage.HomePage_FunctionalTest@26abb146]" started-at="2024-08-12T10:29:36 IST" name="LaunchBrowser" finished-at="2024-08-12T10:29:38 IST" duration-ms="2315" status="PASS">
          <reporter-output>
          </reporter-output>
        </test-method> <!-- LaunchBrowser -->
        <test-method signature="BATamil()[pri:40, instance:HomePage.HomePage_FunctionalTest@26abb146]" started-at="2024-08-12T10:29:38 IST" name="BATamil" finished-at="2024-08-12T10:29:43 IST" duration-ms="5021" status="PASS">
          <reporter-output>
          </reporter-output>
        </test-method> <!-- BATamil -->
        <test-method is-config="true" signature="CloseBrowser()[pri:0, instance:HomePage.HomePage_FunctionalTest@26abb146]" started-at="2024-08-12T10:29:43 IST" name="CloseBrowser" finished-at="2024-08-12T10:29:43 IST" duration-ms="186" status="PASS">
          <reporter-output>
          </reporter-output>
        </test-method> <!-- CloseBrowser -->
        <test-method is-config="true" signature="LaunchBrowser()[pri:0, instance:HomePage.HomePage_FunctionalTest@26abb146]" started-at="2024-08-12T10:29:43 IST" name="LaunchBrowser" finished-at="2024-08-12T10:29:46 IST" duration-ms="2630" status="PASS">
          <reporter-output>
          </reporter-output>
        </test-method> <!-- LaunchBrowser -->
        <test-method signature="BATelugu()[pri:41, instance:HomePage.HomePage_FunctionalTest@26abb146]" started-at="2024-08-12T10:29:46 IST" name="BATelugu" finished-at="2024-08-12T10:29:51 IST" duration-ms="5111" status="PASS">
          <reporter-output>
          </reporter-output>
        </test-method> <!-- BATelugu -->
        <test-method is-config="true" signature="CloseBrowser()[pri:0, instance:HomePage.HomePage_FunctionalTest@26abb146]" started-at="2024-08-12T10:29:51 IST" name="CloseBrowser" finished-at="2024-08-12T10:29:51 IST" duration-ms="245" status="PASS">
          <reporter-output>
          </reporter-output>
        </test-method> <!-- CloseBrowser -->
        <test-method is-config="true" signature="LaunchBrowser()[pri:0, instance:HomePage.HomePage_FunctionalTest@26abb146]" started-at="2024-08-12T10:29:51 IST" name="LaunchBrowser" finished-at="2024-08-12T10:29:55 IST" duration-ms="3516" status="PASS">
          <reporter-output>
          </reporter-output>
        </test-method> <!-- LaunchBrowser -->
        <test-method signature="BAHindi()[pri:42, instance:HomePage.HomePage_FunctionalTest@26abb146]" started-at="2024-08-12T10:29:55 IST" name="BAHindi" finished-at="2024-08-12T10:29:59 IST" duration-ms="4197" status="PASS">
          <reporter-output>
          </reporter-output>
        </test-method> <!-- BAHindi -->
        <test-method is-config="true" signature="CloseBrowser()[pri:0, instance:HomePage.HomePage_FunctionalTest@26abb146]" started-at="2024-08-12T10:29:59 IST" name="CloseBrowser" finished-at="2024-08-12T10:29:59 IST" duration-ms="165" status="PASS">
          <reporter-output>
          </reporter-output>
        </test-method> <!-- CloseBrowser -->
        <test-method is-config="true" signature="LaunchBrowser()[pri:0, instance:HomePage.HomePage_FunctionalTest@26abb146]" started-at="2024-08-12T10:29:59 IST" name="LaunchBrowser" finished-at="2024-08-12T10:30:02 IST" duration-ms="2508" status="PASS">
          <reporter-output>
          </reporter-output>
        </test-method> <!-- LaunchBrowser -->
        <test-method signature="BcomFinance()[pri:43, instance:HomePage.HomePage_FunctionalTest@26abb146]" started-at="2024-08-12T10:30:02 IST" name="BcomFinance" finished-at="2024-08-12T10:30:06 IST" duration-ms="4016" status="PASS">
          <reporter-output>
          </reporter-output>
        </test-method> <!-- BcomFinance -->
        <test-method is-config="true" signature="CloseBrowser()[pri:0, instance:HomePage.HomePage_FunctionalTest@26abb146]" started-at="2024-08-12T10:30:06 IST" name="CloseBrowser" finished-at="2024-08-12T10:30:06 IST" duration-ms="149" status="PASS">
          <reporter-output>
          </reporter-output>
        </test-method> <!-- CloseBrowser -->
        <test-method is-config="true" signature="LaunchBrowser()[pri:0, instance:HomePage.HomePage_FunctionalTest@26abb146]" started-at="2024-08-12T10:30:06 IST" name="LaunchBrowser" finished-at="2024-08-12T10:30:08 IST" duration-ms="2602" status="PASS">
          <reporter-output>
          </reporter-output>
        </test-method> <!-- LaunchBrowser -->
        <test-method signature="BcomHonours()[pri:44, instance:HomePage.HomePage_FunctionalTest@26abb146]" started-at="2024-08-12T10:30:08 IST" name="BcomHonours" finished-at="2024-08-12T10:30:13 IST" duration-ms="4666" status="PASS">
          <reporter-output>
          </reporter-output>
        </test-method> <!-- BcomHonours -->
        <test-method is-config="true" signature="CloseBrowser()[pri:0, instance:HomePage.HomePage_FunctionalTest@26abb146]" started-at="2024-08-12T10:30:13 IST" name="CloseBrowser" finished-at="2024-08-12T10:30:13 IST" duration-ms="131" status="PASS">
          <reporter-output>
          </reporter-output>
        </test-method> <!-- CloseBrowser -->
        <test-method is-config="true" signature="LaunchBrowser()[pri:0, instance:HomePage.HomePage_FunctionalTest@26abb146]" started-at="2024-08-12T10:30:13 IST" name="LaunchBrowser" finished-at="2024-08-12T10:30:16 IST" duration-ms="2511" status="PASS">
          <reporter-output>
          </reporter-output>
        </test-method> <!-- LaunchBrowser -->
        <test-method signature="MCAPrograms()[pri:45, instance:HomePage.HomePage_FunctionalTest@26abb146]" started-at="2024-08-12T10:30:16 IST" name="MCAPrograms" finished-at="2024-08-12T10:30:20 IST" duration-ms="4086" status="PASS">
          <reporter-output>
          </reporter-output>
        </test-method> <!-- MCAPrograms -->
        <test-method is-config="true" signature="CloseBrowser()[pri:0, instance:HomePage.HomePage_FunctionalTest@26abb146]" started-at="2024-08-12T10:30:20 IST" name="CloseBrowser" finished-at="2024-08-12T10:30:20 IST" duration-ms="118" status="PASS">
          <reporter-output>
          </reporter-output>
        </test-method> <!-- CloseBrowser -->
        <test-method is-config="true" signature="LaunchBrowser()[pri:0, instance:HomePage.HomePage_FunctionalTest@26abb146]" started-at="2024-08-12T10:30:20 IST" name="LaunchBrowser" finished-at="2024-08-12T10:30:24 IST" duration-ms="3810" status="PASS">
          <reporter-output>
          </reporter-output>
        </test-method> <!-- LaunchBrowser -->
        <test-method signature="MCABlockchain()[pri:46, instance:HomePage.HomePage_FunctionalTest@26abb146]" started-at="2024-08-12T10:30:24 IST" name="MCABlockchain" finished-at="2024-08-12T10:30:32 IST" duration-ms="8009" status="PASS">
          <reporter-output>
          </reporter-output>
        </test-method> <!-- MCABlockchain -->
        <test-method is-config="true" signature="CloseBrowser()[pri:0, instance:HomePage.HomePage_FunctionalTest@26abb146]" started-at="2024-08-12T10:30:32 IST" name="CloseBrowser" finished-at="2024-08-12T10:30:32 IST" duration-ms="163" status="PASS">
          <reporter-output>
          </reporter-output>
        </test-method> <!-- CloseBrowser -->
        <test-method is-config="true" signature="LaunchBrowser()[pri:0, instance:HomePage.HomePage_FunctionalTest@26abb146]" started-at="2024-08-12T10:30:32 IST" name="LaunchBrowser" finished-at="2024-08-12T10:30:43 IST" duration-ms="11363" status="PASS">
          <reporter-output>
          </reporter-output>
        </test-method> <!-- LaunchBrowser -->
        <test-method signature="MCAwithspecializationinMLandAl()[pri:47, instance:HomePage.HomePage_FunctionalTest@26abb146]" started-at="2024-08-12T10:30:43 IST" name="MCAwithspecializationinMLandAl" finished-at="2024-08-12T10:30:49 IST" duration-ms="5768" status="PASS">
          <reporter-output>
          </reporter-output>
        </test-method> <!-- MCAwithspecializationinMLandAl -->
        <test-method is-config="true" signature="CloseBrowser()[pri:0, instance:HomePage.HomePage_FunctionalTest@26abb146]" started-at="2024-08-12T10:30:49 IST" name="CloseBrowser" finished-at="2024-08-12T10:30:49 IST" duration-ms="115" status="PASS">
          <reporter-output>
          </reporter-output>
        </test-method> <!-- CloseBrowser -->
        <test-method is-config="true" signature="LaunchBrowser()[pri:0, instance:HomePage.HomePage_FunctionalTest@26abb146]" started-at="2024-08-12T10:30:49 IST" name="LaunchBrowser" finished-at="2024-08-12T10:30:52 IST" duration-ms="2378" status="PASS">
          <reporter-output>
          </reporter-output>
        </test-method> <!-- LaunchBrowser -->
        <test-method signature="MCAwithspecializationinMachineLearning()[pri:48, instance:HomePage.HomePage_FunctionalTest@26abb146]" started-at="2024-08-12T10:30:52 IST" name="MCAwithspecializationinMachineLearning" finished-at="2024-08-12T10:30:56 IST" duration-ms="4684" status="PASS">
          <reporter-output>
          </reporter-output>
        </test-method> <!-- MCAwithspecializationinMachineLearning -->
        <test-method is-config="true" signature="CloseBrowser()[pri:0, instance:HomePage.HomePage_FunctionalTest@26abb146]" started-at="2024-08-12T10:30:56 IST" name="CloseBrowser" finished-at="2024-08-12T10:30:56 IST" duration-ms="136" status="PASS">
          <reporter-output>
          </reporter-output>
        </test-method> <!-- CloseBrowser -->
        <test-method is-config="true" signature="LaunchBrowser()[pri:0, instance:HomePage.HomePage_FunctionalTest@26abb146]" started-at="2024-08-12T10:30:56 IST" name="LaunchBrowser" finished-at="2024-08-12T10:30:59 IST" duration-ms="2999" status="PASS">
          <reporter-output>
          </reporter-output>
        </test-method> <!-- LaunchBrowser -->
        <test-method signature="MCAwithspecializationinARandVR()[pri:49, instance:HomePage.HomePage_FunctionalTest@26abb146]" started-at="2024-08-12T10:30:59 IST" name="MCAwithspecializationinARandVR" finished-at="2024-08-12T10:31:04 IST" duration-ms="4769" status="PASS">
          <reporter-output>
          </reporter-output>
        </test-method> <!-- MCAwithspecializationinARandVR -->
        <test-method is-config="true" signature="CloseBrowser()[pri:0, instance:HomePage.HomePage_FunctionalTest@26abb146]" started-at="2024-08-12T10:31:04 IST" name="CloseBrowser" finished-at="2024-08-12T10:31:04 IST" duration-ms="122" status="PASS">
          <reporter-output>
          </reporter-output>
        </test-method> <!-- CloseBrowser -->
        <test-method is-config="true" signature="LaunchBrowser()[pri:0, instance:HomePage.HomePage_FunctionalTest@26abb146]" started-at="2024-08-12T10:31:04 IST" name="LaunchBrowser" finished-at="2024-08-12T10:31:07 IST" duration-ms="2249" status="PASS">
          <reporter-output>
          </reporter-output>
        </test-method> <!-- LaunchBrowser -->
        <test-method signature="MasterofBusinessAdministration()[pri:50, instance:HomePage.HomePage_FunctionalTest@26abb146]" started-at="2024-08-12T10:31:07 IST" name="MasterofBusinessAdministration" finished-at="2024-08-12T10:31:10 IST" duration-ms="3861" status="PASS">
          <reporter-output>
          </reporter-output>
        </test-method> <!-- MasterofBusinessAdministration -->
        <test-method is-config="true" signature="CloseBrowser()[pri:0, instance:HomePage.HomePage_FunctionalTest@26abb146]" started-at="2024-08-12T10:31:10 IST" name="CloseBrowser" finished-at="2024-08-12T10:31:11 IST" duration-ms="149" status="PASS">
          <reporter-output>
          </reporter-output>
        </test-method> <!-- CloseBrowser -->
        <test-method is-config="true" signature="LaunchBrowser()[pri:0, instance:HomePage.HomePage_FunctionalTest@26abb146]" started-at="2024-08-12T10:31:11 IST" name="LaunchBrowser" finished-at="2024-08-12T10:31:14 IST" duration-ms="3056" status="PASS">
          <reporter-output>
          </reporter-output>
        </test-method> <!-- LaunchBrowser -->
        <test-method signature="MBAwithspecializationinDigitalMarketingManagement()[pri:51, instance:HomePage.HomePage_FunctionalTest@26abb146]" started-at="2024-08-12T10:31:14 IST" name="MBAwithspecializationinDigitalMarketingManagement" finished-at="2024-08-12T10:31:18 IST" duration-ms="4440" status="PASS">
          <reporter-output>
          </reporter-output>
        </test-method> <!-- MBAwithspecializationinDigitalMarketingManagement -->
        <test-method is-config="true" signature="CloseBrowser()[pri:0, instance:HomePage.HomePage_FunctionalTest@26abb146]" started-at="2024-08-12T10:31:18 IST" name="CloseBrowser" finished-at="2024-08-12T10:31:18 IST" duration-ms="150" status="PASS">
          <reporter-output>
          </reporter-output>
        </test-method> <!-- CloseBrowser -->
        <test-method is-config="true" signature="LaunchBrowser()[pri:0, instance:HomePage.HomePage_FunctionalTest@26abb146]" started-at="2024-08-12T10:31:18 IST" name="LaunchBrowser" finished-at="2024-08-12T10:31:21 IST" duration-ms="2380" status="PASS">
          <reporter-output>
          </reporter-output>
        </test-method> <!-- LaunchBrowser -->
        <test-method signature="MBAwithspecializationinHRAnalytics()[pri:52, instance:HomePage.HomePage_FunctionalTest@26abb146]" started-at="2024-08-12T10:31:21 IST" name="MBAwithspecializationinHRAnalytics" finished-at="2024-08-12T10:31:24 IST" duration-ms="3908" status="PASS">
          <reporter-output>
          </reporter-output>
        </test-method> <!-- MBAwithspecializationinHRAnalytics -->
        <test-method is-config="true" signature="CloseBrowser()[pri:0, instance:HomePage.HomePage_FunctionalTest@26abb146]" started-at="2024-08-12T10:31:24 IST" name="CloseBrowser" finished-at="2024-08-12T10:31:25 IST" duration-ms="136" status="PASS">
          <reporter-output>
          </reporter-output>
        </test-method> <!-- CloseBrowser -->
        <test-method is-config="true" signature="LaunchBrowser()[pri:0, instance:HomePage.HomePage_FunctionalTest@26abb146]" started-at="2024-08-12T10:31:25 IST" name="LaunchBrowser" finished-at="2024-08-12T10:31:27 IST" duration-ms="2346" status="PASS">
          <reporter-output>
          </reporter-output>
        </test-method> <!-- LaunchBrowser -->
        <test-method signature="MBAwithspecializationinDataScience()[pri:53, instance:HomePage.HomePage_FunctionalTest@26abb146]" started-at="2024-08-12T10:31:27 IST" name="MBAwithspecializationinDataScience" finished-at="2024-08-12T10:31:31 IST" duration-ms="4452" status="PASS">
          <reporter-output>
          </reporter-output>
        </test-method> <!-- MBAwithspecializationinDataScience -->
        <test-method is-config="true" signature="CloseBrowser()[pri:0, instance:HomePage.HomePage_FunctionalTest@26abb146]" started-at="2024-08-12T10:31:31 IST" name="CloseBrowser" finished-at="2024-08-12T10:31:32 IST" duration-ms="128" status="PASS">
          <reporter-output>
          </reporter-output>
        </test-method> <!-- CloseBrowser -->
        <test-method is-config="true" signature="LaunchBrowser()[pri:0, instance:HomePage.HomePage_FunctionalTest@26abb146]" started-at="2024-08-12T10:31:32 IST" name="LaunchBrowser" finished-at="2024-08-12T10:31:34 IST" duration-ms="2515" status="PASS">
          <reporter-output>
          </reporter-output>
        </test-method> <!-- LaunchBrowser -->
        <test-method signature="MBAwithspecializationinBusinessAnalytics()[pri:54, instance:HomePage.HomePage_FunctionalTest@26abb146]" started-at="2024-08-12T10:31:34 IST" name="MBAwithspecializationinBusinessAnalytics" finished-at="2024-08-12T10:31:39 IST" duration-ms="4705" status="PASS">
          <reporter-output>
          </reporter-output>
        </test-method> <!-- MBAwithspecializationinBusinessAnalytics -->
        <test-method is-config="true" signature="CloseBrowser()[pri:0, instance:HomePage.HomePage_FunctionalTest@26abb146]" started-at="2024-08-12T10:31:39 IST" name="CloseBrowser" finished-at="2024-08-12T10:31:39 IST" duration-ms="130" status="PASS">
          <reporter-output>
          </reporter-output>
        </test-method> <!-- CloseBrowser -->
        <test-method is-config="true" signature="LaunchBrowser()[pri:0, instance:HomePage.HomePage_FunctionalTest@26abb146]" started-at="2024-08-12T10:31:39 IST" name="LaunchBrowser" finished-at="2024-08-12T10:31:42 IST" duration-ms="2833" status="PASS">
          <reporter-output>
          </reporter-output>
        </test-method> <!-- LaunchBrowser -->
        <test-method signature="MBAwithspecializationinDigitalEntrepreneurship()[pri:55, instance:HomePage.HomePage_FunctionalTest@26abb146]" started-at="2024-08-12T10:31:42 IST" name="MBAwithspecializationinDigitalEntrepreneurship" finished-at="2024-08-12T10:31:47 IST" duration-ms="5505" status="PASS">
          <reporter-output>
          </reporter-output>
        </test-method> <!-- MBAwithspecializationinDigitalEntrepreneurship -->
        <test-method is-config="true" signature="CloseBrowser()[pri:0, instance:HomePage.HomePage_FunctionalTest@26abb146]" started-at="2024-08-12T10:31:47 IST" name="CloseBrowser" finished-at="2024-08-12T10:31:47 IST" duration-ms="179" status="PASS">
          <reporter-output>
          </reporter-output>
        </test-method> <!-- CloseBrowser -->
        <test-method is-config="true" signature="LaunchBrowser()[pri:0, instance:HomePage.HomePage_FunctionalTest@26abb146]" started-at="2024-08-12T10:31:47 IST" name="LaunchBrowser" finished-at="2024-08-12T10:31:50 IST" duration-ms="2513" status="PASS">
          <reporter-output>
          </reporter-output>
        </test-method> <!-- LaunchBrowser -->
        <test-method signature="MasterofArtsJournalismandMasscommunication()[pri:56, instance:HomePage.HomePage_FunctionalTest@26abb146]" started-at="2024-08-12T10:31:50 IST" name="MasterofArtsJournalismandMasscommunication" finished-at="2024-08-12T10:31:54 IST" duration-ms="4336" status="PASS">
          <reporter-output>
          </reporter-output>
        </test-method> <!-- MasterofArtsJournalismandMasscommunication -->
        <test-method is-config="true" signature="CloseBrowser()[pri:0, instance:HomePage.HomePage_FunctionalTest@26abb146]" started-at="2024-08-12T10:31:54 IST" name="CloseBrowser" finished-at="2024-08-12T10:31:55 IST" duration-ms="665" status="PASS">
          <reporter-output>
          </reporter-output>
        </test-method> <!-- CloseBrowser -->
        <test-method is-config="true" signature="LaunchBrowser()[pri:0, instance:HomePage.HomePage_FunctionalTest@26abb146]" started-at="2024-08-12T10:31:55 IST" name="LaunchBrowser" finished-at="2024-08-12T10:31:58 IST" duration-ms="2801" status="PASS">
          <reporter-output>
          </reporter-output>
        </test-method> <!-- LaunchBrowser -->
        <test-method signature="MComwithspecializationinFintech()[pri:57, instance:HomePage.HomePage_FunctionalTest@26abb146]" started-at="2024-08-12T10:31:58 IST" name="MComwithspecializationinFintech" finished-at="2024-08-12T10:32:03 IST" duration-ms="5416" status="PASS">
          <reporter-output>
          </reporter-output>
        </test-method> <!-- MComwithspecializationinFintech -->
        <test-method is-config="true" signature="CloseBrowser()[pri:0, instance:HomePage.HomePage_FunctionalTest@26abb146]" started-at="2024-08-12T10:32:03 IST" name="CloseBrowser" finished-at="2024-08-12T10:32:03 IST" duration-ms="150" status="PASS">
          <reporter-output>
          </reporter-output>
        </test-method> <!-- CloseBrowser -->
        <test-method is-config="true" signature="LaunchBrowser()[pri:0, instance:HomePage.HomePage_FunctionalTest@26abb146]" started-at="2024-08-12T10:32:03 IST" name="LaunchBrowser" finished-at="2024-08-12T10:32:06 IST" duration-ms="2413" status="PASS">
          <reporter-output>
          </reporter-output>
        </test-method> <!-- LaunchBrowser -->
        <test-method signature="MComwithspecializationinFinancialManagement()[pri:58, instance:HomePage.HomePage_FunctionalTest@26abb146]" started-at="2024-08-12T10:32:06 IST" name="MComwithspecializationinFinancialManagement" finished-at="2024-08-12T10:32:11 IST" duration-ms="4883" status="PASS">
          <reporter-output>
          </reporter-output>
        </test-method> <!-- MComwithspecializationinFinancialManagement -->
        <test-method is-config="true" signature="CloseBrowser()[pri:0, instance:HomePage.HomePage_FunctionalTest@26abb146]" started-at="2024-08-12T10:32:11 IST" name="CloseBrowser" finished-at="2024-08-12T10:32:11 IST" duration-ms="128" status="PASS">
          <reporter-output>
          </reporter-output>
        </test-method> <!-- CloseBrowser -->
        <test-method is-config="true" signature="LaunchBrowser()[pri:0, instance:HomePage.HomePage_FunctionalTest@26abb146]" started-at="2024-08-12T10:32:11 IST" name="LaunchBrowser" finished-at="2024-08-12T10:32:13 IST" duration-ms="2694" status="PASS">
          <reporter-output>
          </reporter-output>
        </test-method> <!-- LaunchBrowser -->
        <test-method signature="MasterofArtsinPublicPolicyandGovernance()[pri:59, instance:HomePage.HomePage_FunctionalTest@26abb146]" started-at="2024-08-12T10:32:13 IST" name="MasterofArtsinPublicPolicyandGovernance" finished-at="2024-08-12T10:32:18 IST" duration-ms="4448" status="PASS">
          <reporter-output>
          </reporter-output>
        </test-method> <!-- MasterofArtsinPublicPolicyandGovernance -->
        <test-method is-config="true" signature="CloseBrowser()[pri:0, instance:HomePage.HomePage_FunctionalTest@26abb146]" started-at="2024-08-12T10:32:18 IST" name="CloseBrowser" finished-at="2024-08-12T10:32:18 IST" duration-ms="130" status="PASS">
          <reporter-output>
          </reporter-output>
        </test-method> <!-- CloseBrowser -->
        <test-method is-config="true" signature="LaunchBrowser()[pri:0, instance:HomePage.HomePage_FunctionalTest@26abb146]" started-at="2024-08-12T10:32:18 IST" name="LaunchBrowser" finished-at="2024-08-12T10:32:20 IST" duration-ms="2453" status="PASS">
          <reporter-output>
          </reporter-output>
        </test-method> <!-- LaunchBrowser -->
        <test-method signature="MasterofArtsinPsychology()[pri:60, instance:HomePage.HomePage_FunctionalTest@26abb146]" started-at="2024-08-12T10:32:20 IST" name="MasterofArtsinPsychology" finished-at="2024-08-12T10:32:24 IST" duration-ms="3915" status="PASS">
          <reporter-output>
          </reporter-output>
        </test-method> <!-- MasterofArtsinPsychology -->
        <test-method is-config="true" signature="CloseBrowser()[pri:0, instance:HomePage.HomePage_FunctionalTest@26abb146]" started-at="2024-08-12T10:32:24 IST" name="CloseBrowser" finished-at="2024-08-12T10:32:25 IST" duration-ms="137" status="PASS">
          <reporter-output>
          </reporter-output>
        </test-method> <!-- CloseBrowser -->
        <test-method is-config="true" signature="LaunchBrowser()[pri:0, instance:HomePage.HomePage_FunctionalTest@26abb146]" started-at="2024-08-12T10:32:25 IST" name="LaunchBrowser" finished-at="2024-08-12T10:32:27 IST" duration-ms="2405" status="PASS">
          <reporter-output>
          </reporter-output>
        </test-method> <!-- LaunchBrowser -->
        <test-method signature="MasterofScienceinDataScience()[pri:61, instance:HomePage.HomePage_FunctionalTest@26abb146]" started-at="2024-08-12T10:32:27 IST" name="MasterofScienceinDataScience" finished-at="2024-08-12T10:32:32 IST" duration-ms="4710" status="PASS">
          <reporter-output>
          </reporter-output>
        </test-method> <!-- MasterofScienceinDataScience -->
        <test-method is-config="true" signature="CloseBrowser()[pri:0, instance:HomePage.HomePage_FunctionalTest@26abb146]" started-at="2024-08-12T10:32:32 IST" name="CloseBrowser" finished-at="2024-08-12T10:32:32 IST" duration-ms="184" status="PASS">
          <reporter-output>
          </reporter-output>
        </test-method> <!-- CloseBrowser -->
        <test-method is-config="true" signature="LaunchBrowser()[pri:0, instance:HomePage.HomePage_FunctionalTest@26abb146]" started-at="2024-08-12T10:32:32 IST" name="LaunchBrowser" finished-at="2024-08-12T10:32:34 IST" duration-ms="2445" status="PASS">
          <reporter-output>
          </reporter-output>
        </test-method> <!-- LaunchBrowser -->
        <test-method signature="Printprograms()[pri:62, instance:HomePage.HomePage_FunctionalTest@26abb146]" started-at="2024-08-12T10:32:34 IST" name="Printprograms" finished-at="2024-08-12T10:32:41 IST" duration-ms="7229" status="PASS">
          <reporter-output>
          </reporter-output>
        </test-method> <!-- Printprograms -->
        <test-method is-config="true" signature="CloseBrowser()[pri:0, instance:HomePage.HomePage_FunctionalTest@26abb146]" started-at="2024-08-12T10:32:41 IST" name="CloseBrowser" finished-at="2024-08-12T10:32:42 IST" duration-ms="156" status="PASS">
          <reporter-output>
          </reporter-output>
        </test-method> <!-- CloseBrowser -->
      </class> <!-- HomePage.HomePage_FunctionalTest -->
    </test> <!-- Default test -->
  </suite> <!-- Default suite -->
</testng-results>
